2024-12-18 00:28:11 [INFO] default - (:) Logger Initialized 

2024-12-18 00:28:17 [INFO] default - (:) Logger Initialized 

2024-12-18 00:29:57 [INFO] default - (:) Logger Initialized 

2024-12-18 00:29:57 [INFO] default - (:) Logger Initialized 

2024-12-18 00:30:09 [INFO] default - (:) Logger Initialized 

2024-12-18 00:44:11 [INFO] default - (:) Logger Initialized 

2024-12-18 00:48:53 [INFO] default - (:) Logger Initialized 

2024-12-18 00:48:58 [INFO] default - (:) Logger Initialized 

2024-12-18 00:50:43 [INFO] default - (:) Logger Initialized 

2024-12-18 00:50:54 [INFO] default - (:) Logger Initialized 

2024-12-18 00:50:59 [INFO] default - (:) Logger Initialized 

2024-12-18 00:54:58 [INFO] default - (:) Logger Initialized 

2024-12-18 01:02:22 [INFO] default - (:) Logger Initialized 

2024-12-18 12:08:03 [INFO] default - (:) Logger Initialized 

2024-12-18 12:15:21 [INFO] default - (:) Logger Initialized 

2024-12-18 12:18:52 [INFO] default - (:) Logger Initialized 

2024-12-18 12:40:44 [INFO] default - (:) request body for laser tags:  { credentials: { email: 'ericryanbowser@gmail.com', password: '1' } } 

2024-12-18 12:42:47 [INFO] default - (:) Logger Initialized 

2024-12-18 12:42:53 [INFO] default - (:) request body for laser tags:  { credentials: { email: 'ericryanbowser@gmail.com', password: '1' } } 

2024-12-18 12:43:26 [INFO] default - (:) Logger Initialized 

2024-12-18 12:43:32 [INFO] default - (:) request body for laser tags:  { credentials: { email: 'ericryanbowser@gmail.com', password: '1' } } 

2024-12-18 12:43:36 [INFO] default - (:) Saving new login record... 

2024-12-18 12:46:03 [INFO] default - (:) User saved {
  loggedIn: Result {
    command: 'INSERT',
    rowCount: 1,
    oid: 0,
    rows: [ [Object] ],
    fields: [ [Field] ],
    _parsers: [ [Function: parseInteger] ],
    _types: TypeOverrides { _types: [Object], text: {}, binary: {} },
    RowCtor: null,
    rowAsArray: false,
    _prebuiltEmptyResultObject: { userid: null }
  }
} 

2024-12-18 12:46:04 [INFO] default - (:) request body for laser tags:  { credentials: { email: 'ericryanbowser@gmail.com', password: '1' } } 

2024-12-18 12:46:05 [INFO] default - (:) User found:  {
  found: { username: 'ericryanbowser@gmail.com', password: '1', userid: 1 }
} 

2024-12-18 12:49:55 [INFO] default - (:) Logger Initialized 

2024-12-18 12:50:07 [INFO] default - (:) request body for laser tags:  { credentials: { email: 'ericryanbowser@gmail.com', password: '2' } } 

2024-12-18 12:50:08 [INFO] default - (:) Saving new login record... 

2024-12-18 12:50:08 [INFO] default - (:) User saved {
  loggedIn: Result {
    command: 'INSERT',
    rowCount: 1,
    oid: 0,
    rows: [ [Object] ],
    fields: [ [Field] ],
    _parsers: [ [Function: parseInteger] ],
    _types: TypeOverrides { _types: [Object], text: {}, binary: {} },
    RowCtor: null,
    rowAsArray: false,
    _prebuiltEmptyResultObject: { userid: null }
  }
} 

2024-12-18 12:52:04 [INFO] default - (:) Logger Initialized 

2024-12-18 12:52:27 [INFO] default - (:) request body for laser tags:  { credentials: { email: 'ericryanbowser@gmail.com', password: '1' } } 

2024-12-18 12:52:31 [INFO] default - (:) User found:  {
  found: { username: 'ericryanbowser@gmail.com', password: '1', userid: 1 }
} 

2024-12-18 12:53:09 [INFO] default - (:) user id param { userid: '1' } 

2024-12-18 12:53:09 [INFO] default - (:) response {
  response: Result {
    command: 'SELECT',
    rowCount: 0,
    oid: null,
    rows: [],
    fields: [
      [Field], [Field],
      [Field], [Field],
      [Field], [Field],
      [Field]
    ],
    _parsers: [
      [Function: parseInteger],
      [Function: parseInteger],
      [Function: noParse],
      [Function: noParse],
      [Function: noParse],
      [Function: noParse],
      [Function: noParse]
    ],
    _types: TypeOverrides { _types: [Object], text: {}, binary: {} },
    RowCtor: null,
    rowAsArray: false,
    _prebuiltEmptyResultObject: {
      contactid: null,
      userid: null,
      firstname: null,
      lastname: null,
      petname: null,
      phone: null,
      address: null
    }
  }
} 

2024-12-18 12:53:28 [INFO] default - (:) user id param { userid: '1' } 

2024-12-18 12:53:35 [INFO] default - (:) response {
  response: Result {
    command: 'SELECT',
    rowCount: 0,
    oid: null,
    rows: [],
    fields: [
      [Field], [Field],
      [Field], [Field],
      [Field], [Field],
      [Field]
    ],
    _parsers: [
      [Function: parseInteger],
      [Function: parseInteger],
      [Function: noParse],
      [Function: noParse],
      [Function: noParse],
      [Function: noParse],
      [Function: noParse]
    ],
    _types: TypeOverrides { _types: [Object], text: {}, binary: {} },
    RowCtor: null,
    rowAsArray: false,
    _prebuiltEmptyResultObject: {
      contactid: null,
      userid: null,
      firstname: null,
      lastname: null,
      petname: null,
      phone: null,
      address: null
    }
  }
} 

2024-12-18 12:56:39 [INFO] default - (:) Logger Initialized 

2024-12-18 12:56:56 [INFO] default - (:) user id param { userid: '1' } 

2024-12-18 12:57:02 [INFO] default - (:) response {
  response: Result {
    command: 'SELECT',
    rowCount: 0,
    oid: null,
    rows: [],
    fields: [
      [Field], [Field],
      [Field], [Field],
      [Field], [Field],
      [Field]
    ],
    _parsers: [
      [Function: parseInteger],
      [Function: parseInteger],
      [Function: noParse],
      [Function: noParse],
      [Function: noParse],
      [Function: noParse],
      [Function: noParse]
    ],
    _types: TypeOverrides { _types: [Object], text: {}, binary: {} },
    RowCtor: null,
    rowAsArray: false,
    _prebuiltEmptyResultObject: {
      contactid: null,
      userid: null,
      firstname: null,
      lastname: null,
      petname: null,
      phone: null,
      address: null
    }
  }
} 

2024-12-18 13:00:12 [INFO] default - (:) Logger Initialized 

2024-12-18 13:00:18 [INFO] default - (:) user id param { userid: '1' } 

2024-12-18 13:00:21 [INFO] default - (:) response {
  response: Result {
    command: 'SELECT',
    rowCount: 0,
    oid: null,
    rows: [],
    fields: [
      [Field], [Field],
      [Field], [Field],
      [Field], [Field],
      [Field]
    ],
    _parsers: [
      [Function: parseInteger],
      [Function: parseInteger],
      [Function: noParse],
      [Function: noParse],
      [Function: noParse],
      [Function: noParse],
      [Function: noParse]
    ],
    _types: TypeOverrides { _types: [Object], text: {}, binary: {} },
    RowCtor: null,
    rowAsArray: false,
    _prebuiltEmptyResultObject: {
      contactid: null,
      userid: null,
      firstname: null,
      lastname: null,
      petname: null,
      phone: null,
      address: null
    }
  }
} 

2024-12-18 13:56:03 [INFO] default - (:) user id param { userid: '1' } 

2024-12-18 13:56:10 [INFO] default - (:) response {
  response: Result {
    command: 'SELECT',
    rowCount: 0,
    oid: null,
    rows: [],
    fields: [
      [Field], [Field],
      [Field], [Field],
      [Field], [Field],
      [Field]
    ],
    _parsers: [
      [Function: parseInteger],
      [Function: parseInteger],
      [Function: noParse],
      [Function: noParse],
      [Function: noParse],
      [Function: noParse],
      [Function: noParse]
    ],
    _types: TypeOverrides { _types: [Object], text: {}, binary: {} },
    RowCtor: null,
    rowAsArray: false,
    _prebuiltEmptyResultObject: {
      contactid: null,
      userid: null,
      firstname: null,
      lastname: null,
      petname: null,
      phone: null,
      address: null
    }
  }
} 

2024-12-18 14:02:13 [INFO] default - (:) user id param { userid: '1' } 

2024-12-18 14:02:18 [INFO] default - (:) response {
  response: Result {
    command: 'SELECT',
    rowCount: 0,
    oid: null,
    rows: [],
    fields: [
      [Field], [Field],
      [Field], [Field],
      [Field], [Field],
      [Field]
    ],
    _parsers: [
      [Function: parseInteger],
      [Function: parseInteger],
      [Function: noParse],
      [Function: noParse],
      [Function: noParse],
      [Function: noParse],
      [Function: noParse]
    ],
    _types: TypeOverrides { _types: [Object], text: {}, binary: {} },
    RowCtor: null,
    rowAsArray: false,
    _prebuiltEmptyResultObject: {
      contactid: null,
      userid: null,
      firstname: null,
      lastname: null,
      petname: null,
      phone: null,
      address: null
    }
  }
} 

2024-12-18 14:03:19 [INFO] default - (:) user id param { userid: '1' } 

2024-12-18 14:03:24 [INFO] default - (:) response {
  response: Result {
    command: 'SELECT',
    rowCount: 0,
    oid: null,
    rows: [],
    fields: [
      [Field], [Field],
      [Field], [Field],
      [Field], [Field],
      [Field]
    ],
    _parsers: [
      [Function: parseInteger],
      [Function: parseInteger],
      [Function: noParse],
      [Function: noParse],
      [Function: noParse],
      [Function: noParse],
      [Function: noParse]
    ],
    _types: TypeOverrides { _types: [Object], text: {}, binary: {} },
    RowCtor: null,
    rowAsArray: false,
    _prebuiltEmptyResultObject: {
      contactid: null,
      userid: null,
      firstname: null,
      lastname: null,
      petname: null,
      phone: null,
      address: null
    }
  }
} 

2024-12-18 14:07:56 [INFO] default - (:) user id param { userid: '1' } 

2024-12-18 14:08:00 [INFO] default - (:) response {
  response: Result {
    command: 'SELECT',
    rowCount: 0,
    oid: null,
    rows: [],
    fields: [
      [Field], [Field],
      [Field], [Field],
      [Field], [Field],
      [Field]
    ],
    _parsers: [
      [Function: parseInteger],
      [Function: parseInteger],
      [Function: noParse],
      [Function: noParse],
      [Function: noParse],
      [Function: noParse],
      [Function: noParse]
    ],
    _types: TypeOverrides { _types: [Object], text: {}, binary: {} },
    RowCtor: null,
    rowAsArray: false,
    _prebuiltEmptyResultObject: {
      contactid: null,
      userid: null,
      firstname: null,
      lastname: null,
      petname: null,
      phone: null,
      address: null
    }
  }
} 

2024-12-18 14:16:10 [INFO] default - (:) Logger Initialized 

2024-12-18 17:25:51 [INFO] default - (:) Logger Initialized 

2024-12-18 17:26:50 [INFO] default - (:) Logger Initialized 

2024-12-18 17:26:52 [INFO] default - (:) Logger Initialized 

2024-12-18 22:40:51 [INFO] default - (:) Logger Initialized 

2024-12-19 05:42:15 [INFO] default - (:) Logger Initialized 

